<?xml version="1.0" encoding="UTF-8"?>
<!-- Generated by org.testng.reporters.JUnitReportReporter -->
<testsuite skipped="0" hostname="Laxmi" name="com.maven.MavenTest" tests="1" failures="0" timestamp="18 Jul 2017 18:37:39 GMT" time="16.654" errors="0">
  <testcase name="TestBrowser" time="16.654" classname="com.maven.MavenTest"/>
</testsuite> <!-- com.maven.MavenTest -->
